2024-03-21 23:35:16,336  werkzeug - INFO - [31m[1mWARNING: This is a development server. Do not use it in a production deployment. Use a production WSGI server instead.[0m
 * Running on https://127.0.0.1:5000
2024-03-21 23:35:16,337  werkzeug - INFO - [33mPress CTRL+C to quit[0m
2024-03-21 23:35:16,356  werkzeug - INFO -  * Restarting with stat
2024-03-21 23:35:21,461  werkzeug - WARNING -  * Debugger is active!
2024-03-21 23:35:21,491  werkzeug - INFO -  * Debugger PIN: 799-224-581
2024-03-21 23:35:52,831  flask_wtf.csrf - INFO - The CSRF session token is missing.
2024-03-21 23:35:52,833  werkzeug - INFO - 127.0.0.1 - - [21/Mar/2024 23:35:52] "[31m[1mPOST /login HTTP/1.1[0m" 400 -
2024-03-21 23:35:55,082  werkzeug - INFO - 127.0.0.1 - - [21/Mar/2024 23:35:55] "GET /login?next=/1/1/edit_task HTTP/1.1" 200 -
2024-03-21 23:35:55,306  werkzeug - INFO - 127.0.0.1 - - [21/Mar/2024 23:35:55] "[32mGET /static//css/output.css HTTP/1.1[0m" 308 -
2024-03-21 23:35:55,958  werkzeug - INFO - 127.0.0.1 - - [21/Mar/2024 23:35:55] "GET /static/js/loginPage.js HTTP/1.1" 200 -
2024-03-21 23:35:55,980  werkzeug - INFO - 127.0.0.1 - - [21/Mar/2024 23:35:55] "GET /static/css/output.css HTTP/1.1" 200 -
2024-03-21 23:36:00,658  root - INFO - [admin@workspace.com - admin] has logged in
2024-03-21 23:36:00,661  werkzeug - INFO - 127.0.0.1 - - [21/Mar/2024 23:36:00] "[32mPOST /login HTTP/1.1[0m" 302 -
2024-03-21 23:36:00,794  werkzeug - INFO - 127.0.0.1 - - [21/Mar/2024 23:36:00] "GET /admin HTTP/1.1" 200 -
2024-03-21 23:36:01,062  werkzeug - INFO - 127.0.0.1 - - [21/Mar/2024 23:36:01] "[32mGET /static//css/output.css HTTP/1.1[0m" 308 -
2024-03-21 23:36:01,128  werkzeug - INFO - 127.0.0.1 - - [21/Mar/2024 23:36:01] "GET /static/images/placeholder.jpg HTTP/1.1" 200 -
2024-03-21 23:36:01,160  werkzeug - INFO - 127.0.0.1 - - [21/Mar/2024 23:36:01] "GET /static/css/output.css HTTP/1.1" 200 -
2024-03-21 23:36:03,501  werkzeug - INFO - 127.0.0.1 - - [21/Mar/2024 23:36:03] "GET /1 HTTP/1.1" 200 -
2024-03-21 23:36:03,687  werkzeug - INFO - 127.0.0.1 - - [21/Mar/2024 23:36:03] "[32mGET /static//css/output.css HTTP/1.1[0m" 308 -
2024-03-21 23:36:03,725  werkzeug - INFO - 127.0.0.1 - - [21/Mar/2024 23:36:03] "GET /static/css/output.css HTTP/1.1" 200 -
2024-03-21 23:36:03,745  werkzeug - INFO - 127.0.0.1 - - [21/Mar/2024 23:36:03] "[36mGET /static/images/placeholder.jpg HTTP/1.1[0m" 304 -
2024-03-21 23:36:05,635  werkzeug - INFO - 127.0.0.1 - - [21/Mar/2024 23:36:05] "GET /1/1/updates/ HTTP/1.1" 200 -
2024-03-21 23:36:05,882  werkzeug - INFO - 127.0.0.1 - - [21/Mar/2024 23:36:05] "[32mGET /static//css/output.css HTTP/1.1[0m" 308 -
2024-03-21 23:36:05,947  werkzeug - INFO - 127.0.0.1 - - [21/Mar/2024 23:36:05] "[36mGET /static/images/placeholder.jpg HTTP/1.1[0m" 304 -
2024-03-21 23:36:06,002  werkzeug - INFO - 127.0.0.1 - - [21/Mar/2024 23:36:06] "GET /static/css/output.css HTTP/1.1" 200 -
2024-03-21 23:36:07,983  werkzeug - INFO - 127.0.0.1 - - [21/Mar/2024 23:36:07] "GET /1/1/edit_task HTTP/1.1" 200 -
2024-03-21 23:36:08,220  werkzeug - INFO - 127.0.0.1 - - [21/Mar/2024 23:36:08] "[32mGET /static//css/output.css HTTP/1.1[0m" 308 -
2024-03-21 23:36:08,254  werkzeug - INFO - 127.0.0.1 - - [21/Mar/2024 23:36:08] "[36mGET /static/images/placeholder.jpg HTTP/1.1[0m" 304 -
2024-03-21 23:36:08,276  werkzeug - INFO - 127.0.0.1 - - [21/Mar/2024 23:36:08] "GET /static/css/output.css HTTP/1.1" 200 -
2024-03-21 23:36:13,451  root - WARNING - Admin reassigned alex@workspace.com to john@workspace.com in 1 from 1
2024-03-21 23:36:13,526  werkzeug - INFO - 127.0.0.1 - - [21/Mar/2024 23:36:13] "[32mPOST /1/1/edit_task/edit_task_assigned_user HTTP/1.1[0m" 302 -
2024-03-21 23:36:13,599  werkzeug - INFO - 127.0.0.1 - - [21/Mar/2024 23:36:13] "GET /1/1/edit_task HTTP/1.1" 200 -
2024-03-21 23:36:13,904  werkzeug - INFO - 127.0.0.1 - - [21/Mar/2024 23:36:13] "[32mGET /static//css/output.css HTTP/1.1[0m" 308 -
2024-03-21 23:36:13,944  werkzeug - INFO - 127.0.0.1 - - [21/Mar/2024 23:36:13] "GET /static/css/output.css HTTP/1.1" 200 -
2024-03-21 23:36:13,956  werkzeug - INFO - 127.0.0.1 - - [21/Mar/2024 23:36:13] "[36mGET /static/images/placeholder.jpg HTTP/1.1[0m" 304 -
2024-03-21 23:38:49,388  werkzeug - INFO -  * Detected change in 'D:\\Github_Repositories\\SECDEV_Project\\app\\routes\\adminRoutes.py', reloading
2024-03-21 23:38:50,260  werkzeug - INFO -  * Restarting with stat
2024-03-21 23:38:58,059  werkzeug - WARNING -  * Debugger is active!
2024-03-21 23:38:58,094  werkzeug - INFO -  * Debugger PIN: 799-224-581
2024-03-21 23:42:04,036  werkzeug - INFO - [31m[1mWARNING: This is a development server. Do not use it in a production deployment. Use a production WSGI server instead.[0m
 * Running on https://127.0.0.1:5000
2024-03-21 23:42:04,036  werkzeug - INFO - [33mPress CTRL+C to quit[0m
2024-03-21 23:42:04,041  werkzeug - INFO -  * Restarting with stat
2024-03-21 23:42:08,882  werkzeug - WARNING -  * Debugger is active!
2024-03-21 23:42:08,904  werkzeug - INFO -  * Debugger PIN: 799-224-581
2024-03-21 23:42:28,321  werkzeug - INFO - 127.0.0.1 - - [21/Mar/2024 23:42:28] "[32mGET /1/1/updates/ HTTP/1.1[0m" 302 -
2024-03-21 23:42:28,496  werkzeug - INFO - 127.0.0.1 - - [21/Mar/2024 23:42:28] "GET /login?next=/1/1/updates/ HTTP/1.1" 200 -
2024-03-21 23:42:28,754  werkzeug - INFO - 127.0.0.1 - - [21/Mar/2024 23:42:28] "[32mGET /static//css/output.css HTTP/1.1[0m" 308 -
2024-03-21 23:42:29,197  werkzeug - INFO - 127.0.0.1 - - [21/Mar/2024 23:42:29] "GET /static/js/loginPage.js HTTP/1.1" 200 -
2024-03-21 23:42:29,212  werkzeug - INFO - 127.0.0.1 - - [21/Mar/2024 23:42:29] "GET /static/css/output.css HTTP/1.1" 200 -
2024-03-21 23:43:35,828  werkzeug - INFO -  * Detected change in 'D:\\Github_Repositories\\SECDEV_Project\\app\\routes\\adminRoutes.py', reloading
2024-03-21 23:43:36,299  werkzeug - INFO -  * Restarting with stat
2024-03-21 23:43:43,414  werkzeug - WARNING -  * Debugger is active!
2024-03-21 23:43:43,436  werkzeug - INFO -  * Debugger PIN: 799-224-581
2024-03-22 10:01:11,523  werkzeug - INFO - [31m[1mWARNING: This is a development server. Do not use it in a production deployment. Use a production WSGI server instead.[0m
 * Running on https://127.0.0.1:5000
2024-03-22 10:01:11,543  werkzeug - INFO - [33mPress CTRL+C to quit[0m
2024-03-22 10:01:11,564  werkzeug - INFO -  * Restarting with stat
2024-03-22 10:01:24,614  werkzeug - WARNING -  * Debugger is active!
2024-03-22 10:01:24,637  werkzeug - INFO -  * Debugger PIN: 799-224-581
2024-03-22 10:01:52,162  werkzeug - INFO - 127.0.0.1 - - [22/Mar/2024 10:01:52] "GET /login HTTP/1.1" 200 -
2024-03-22 10:01:52,391  werkzeug - INFO - 127.0.0.1 - - [22/Mar/2024 10:01:52] "[32mGET /static//css/output.css HTTP/1.1[0m" 308 -
2024-03-22 10:01:52,859  werkzeug - INFO - 127.0.0.1 - - [22/Mar/2024 10:01:52] "GET /static/css/output.css HTTP/1.1" 200 -
2024-03-22 10:01:53,036  werkzeug - INFO - 127.0.0.1 - - [22/Mar/2024 10:01:53] "GET /static/js/loginPage.js HTTP/1.1" 200 -
2024-03-22 10:17:52,638  sqlalchemy.engine.Engine - INFO - select pg_catalog.version()
2024-03-22 10:17:52,653  sqlalchemy.engine.Engine - INFO - [raw sql] {}
2024-03-22 10:17:53,388  sqlalchemy.engine.Engine - INFO - select current_schema()
2024-03-22 10:17:53,389  sqlalchemy.engine.Engine - INFO - [raw sql] {}
2024-03-22 10:17:54,116  sqlalchemy.engine.Engine - INFO - show standard_conforming_strings
2024-03-22 10:17:54,116  sqlalchemy.engine.Engine - INFO - [raw sql] {}
2024-03-22 10:17:54,823  sqlalchemy.engine.Engine - INFO - BEGIN (implicit)
2024-03-22 10:17:54,877  sqlalchemy.engine.Engine - INFO - SELECT pg_catalog.pg_class.relname 
FROM pg_catalog.pg_class JOIN pg_catalog.pg_namespace ON pg_catalog.pg_namespace.oid = pg_catalog.pg_class.relnamespace 
WHERE pg_catalog.pg_class.relname = %(table_name)s AND pg_catalog.pg_class.relkind = ANY (ARRAY[%(param_1)s, %(param_2)s, %(param_3)s, %(param_4)s, %(param_5)s]) AND pg_catalog.pg_table_is_visible(pg_catalog.pg_class.oid) AND pg_catalog.pg_namespace.nspname != %(nspname_1)s
2024-03-22 10:17:54,880  sqlalchemy.engine.Engine - INFO - [generated in 0.00242s] {'table_name': 'task_updates', 'param_1': 'r', 'param_2': 'p', 'param_3': 'f', 'param_4': 'v', 'param_5': 'm', 'nspname_1': 'pg_catalog'}
2024-03-22 10:17:55,579  sqlalchemy.engine.Engine - INFO - SELECT pg_catalog.pg_class.relname 
FROM pg_catalog.pg_class JOIN pg_catalog.pg_namespace ON pg_catalog.pg_namespace.oid = pg_catalog.pg_class.relnamespace 
WHERE pg_catalog.pg_class.relname = %(table_name)s AND pg_catalog.pg_class.relkind = ANY (ARRAY[%(param_1)s, %(param_2)s, %(param_3)s, %(param_4)s, %(param_5)s]) AND pg_catalog.pg_table_is_visible(pg_catalog.pg_class.oid) AND pg_catalog.pg_namespace.nspname != %(nspname_1)s
2024-03-22 10:17:55,580  sqlalchemy.engine.Engine - INFO - [cached since 0.7037s ago] {'table_name': 'tasks', 'param_1': 'r', 'param_2': 'p', 'param_3': 'f', 'param_4': 'v', 'param_5': 'm', 'nspname_1': 'pg_catalog'}
2024-03-22 10:17:55,930  sqlalchemy.engine.Engine - INFO - SELECT pg_catalog.pg_class.relname 
FROM pg_catalog.pg_class JOIN pg_catalog.pg_namespace ON pg_catalog.pg_namespace.oid = pg_catalog.pg_class.relnamespace 
WHERE pg_catalog.pg_class.relname = %(table_name)s AND pg_catalog.pg_class.relkind = ANY (ARRAY[%(param_1)s, %(param_2)s, %(param_3)s, %(param_4)s, %(param_5)s]) AND pg_catalog.pg_table_is_visible(pg_catalog.pg_class.oid) AND pg_catalog.pg_namespace.nspname != %(nspname_1)s
2024-03-22 10:17:55,933  sqlalchemy.engine.Engine - INFO - [cached since 1.056s ago] {'table_name': 'workspace', 'param_1': 'r', 'param_2': 'p', 'param_3': 'f', 'param_4': 'v', 'param_5': 'm', 'nspname_1': 'pg_catalog'}
2024-03-22 10:17:56,298  sqlalchemy.engine.Engine - INFO - SELECT pg_catalog.pg_class.relname 
FROM pg_catalog.pg_class JOIN pg_catalog.pg_namespace ON pg_catalog.pg_namespace.oid = pg_catalog.pg_class.relnamespace 
WHERE pg_catalog.pg_class.relname = %(table_name)s AND pg_catalog.pg_class.relkind = ANY (ARRAY[%(param_1)s, %(param_2)s, %(param_3)s, %(param_4)s, %(param_5)s]) AND pg_catalog.pg_table_is_visible(pg_catalog.pg_class.oid) AND pg_catalog.pg_namespace.nspname != %(nspname_1)s
2024-03-22 10:17:56,301  sqlalchemy.engine.Engine - INFO - [cached since 1.425s ago] {'table_name': 'workspace_members', 'param_1': 'r', 'param_2': 'p', 'param_3': 'f', 'param_4': 'v', 'param_5': 'm', 'nspname_1': 'pg_catalog'}
2024-03-22 10:17:56,655  sqlalchemy.engine.Engine - INFO - SELECT pg_catalog.pg_class.relname 
FROM pg_catalog.pg_class JOIN pg_catalog.pg_namespace ON pg_catalog.pg_namespace.oid = pg_catalog.pg_class.relnamespace 
WHERE pg_catalog.pg_class.relname = %(table_name)s AND pg_catalog.pg_class.relkind = ANY (ARRAY[%(param_1)s, %(param_2)s, %(param_3)s, %(param_4)s, %(param_5)s]) AND pg_catalog.pg_table_is_visible(pg_catalog.pg_class.oid) AND pg_catalog.pg_namespace.nspname != %(nspname_1)s
2024-03-22 10:17:56,657  sqlalchemy.engine.Engine - INFO - [cached since 1.78s ago] {'table_name': 'task_files', 'param_1': 'r', 'param_2': 'p', 'param_3': 'f', 'param_4': 'v', 'param_5': 'm', 'nspname_1': 'pg_catalog'}
2024-03-22 10:17:57,006  sqlalchemy.engine.Engine - INFO - SELECT pg_catalog.pg_class.relname 
FROM pg_catalog.pg_class JOIN pg_catalog.pg_namespace ON pg_catalog.pg_namespace.oid = pg_catalog.pg_class.relnamespace 
WHERE pg_catalog.pg_class.relname = %(table_name)s AND pg_catalog.pg_class.relkind = ANY (ARRAY[%(param_1)s, %(param_2)s, %(param_3)s, %(param_4)s, %(param_5)s]) AND pg_catalog.pg_table_is_visible(pg_catalog.pg_class.oid) AND pg_catalog.pg_namespace.nspname != %(nspname_1)s
2024-03-22 10:17:57,008  sqlalchemy.engine.Engine - INFO - [cached since 2.132s ago] {'table_name': 'users', 'param_1': 'r', 'param_2': 'p', 'param_3': 'f', 'param_4': 'v', 'param_5': 'm', 'nspname_1': 'pg_catalog'}
2024-03-22 10:17:57,358  sqlalchemy.engine.Engine - INFO - COMMIT
2024-03-22 10:17:57,760  sqlalchemy.engine.Engine - INFO - BEGIN (implicit)
2024-03-22 10:17:57,765  sqlalchemy.engine.Engine - INFO - SELECT users.id AS users_id, users.email AS users_email, users.phone_number AS users_phone_number, users.hash AS users_hash, users.salt AS users_salt, users.full_name AS users_full_name, users.profile_picture AS users_profile_picture, users.role AS users_role 
FROM users 
WHERE users.role = %(role_1)s 
 LIMIT %(param_1)s
2024-03-22 10:17:57,767  sqlalchemy.engine.Engine - INFO - [generated in 0.00257s] {'role_1': 'admin', 'param_1': 1}
2024-03-22 10:17:59,119  sqlalchemy.engine.Engine - INFO - INSERT INTO users (email, phone_number, hash, salt, full_name, profile_picture, role) VALUES (%(email)s, %(phone_number)s, %(hash)s, %(salt)s, %(full_name)s, %(profile_picture)s, %(role)s) RETURNING users.id
2024-03-22 10:17:59,121  sqlalchemy.engine.Engine - INFO - [generated in 0.00199s] {'email': 'john@workspace.com', 'phone_number': '123456789012', 'hash': '$2b$12$4Z9h4LsYA635WwrD2ZlNaO/ef4U9b6tw8ZN5zh806X79uTvmAlK3q', 'salt': '$2b$12$4Z9h4LsYA635WwrD2ZlNaO', 'full_name': 'John Doe', 'profile_picture': None, 'role': 'user'}
2024-03-22 10:17:59,472  sqlalchemy.engine.Engine - INFO - ROLLBACK
2024-03-22 10:17:59,983  werkzeug - INFO - [31m[1mWARNING: This is a development server. Do not use it in a production deployment. Use a production WSGI server instead.[0m
 * Running on http://127.0.0.1:5000
2024-03-22 10:17:59,983  werkzeug - INFO - [33mPress CTRL+C to quit[0m
2024-03-22 10:17:59,999  werkzeug - INFO -  * Restarting with stat
2024-03-22 10:18:08,543  sqlalchemy.engine.Engine - INFO - select pg_catalog.version()
2024-03-22 10:18:08,544  sqlalchemy.engine.Engine - INFO - [raw sql] {}
2024-03-22 10:18:09,230  sqlalchemy.engine.Engine - INFO - select current_schema()
2024-03-22 10:18:09,232  sqlalchemy.engine.Engine - INFO - [raw sql] {}
2024-03-22 10:18:09,916  sqlalchemy.engine.Engine - INFO - show standard_conforming_strings
2024-03-22 10:18:09,917  sqlalchemy.engine.Engine - INFO - [raw sql] {}
2024-03-22 10:18:10,599  sqlalchemy.engine.Engine - INFO - BEGIN (implicit)
2024-03-22 10:18:10,609  sqlalchemy.engine.Engine - INFO - SELECT pg_catalog.pg_class.relname 
FROM pg_catalog.pg_class JOIN pg_catalog.pg_namespace ON pg_catalog.pg_namespace.oid = pg_catalog.pg_class.relnamespace 
WHERE pg_catalog.pg_class.relname = %(table_name)s AND pg_catalog.pg_class.relkind = ANY (ARRAY[%(param_1)s, %(param_2)s, %(param_3)s, %(param_4)s, %(param_5)s]) AND pg_catalog.pg_table_is_visible(pg_catalog.pg_class.oid) AND pg_catalog.pg_namespace.nspname != %(nspname_1)s
2024-03-22 10:18:10,612  sqlalchemy.engine.Engine - INFO - [generated in 0.00247s] {'table_name': 'task_updates', 'param_1': 'r', 'param_2': 'p', 'param_3': 'f', 'param_4': 'v', 'param_5': 'm', 'nspname_1': 'pg_catalog'}
2024-03-22 10:18:11,294  sqlalchemy.engine.Engine - INFO - SELECT pg_catalog.pg_class.relname 
FROM pg_catalog.pg_class JOIN pg_catalog.pg_namespace ON pg_catalog.pg_namespace.oid = pg_catalog.pg_class.relnamespace 
WHERE pg_catalog.pg_class.relname = %(table_name)s AND pg_catalog.pg_class.relkind = ANY (ARRAY[%(param_1)s, %(param_2)s, %(param_3)s, %(param_4)s, %(param_5)s]) AND pg_catalog.pg_table_is_visible(pg_catalog.pg_class.oid) AND pg_catalog.pg_namespace.nspname != %(nspname_1)s
2024-03-22 10:18:11,296  sqlalchemy.engine.Engine - INFO - [cached since 0.6869s ago] {'table_name': 'tasks', 'param_1': 'r', 'param_2': 'p', 'param_3': 'f', 'param_4': 'v', 'param_5': 'm', 'nspname_1': 'pg_catalog'}
2024-03-22 10:18:11,638  sqlalchemy.engine.Engine - INFO - SELECT pg_catalog.pg_class.relname 
FROM pg_catalog.pg_class JOIN pg_catalog.pg_namespace ON pg_catalog.pg_namespace.oid = pg_catalog.pg_class.relnamespace 
WHERE pg_catalog.pg_class.relname = %(table_name)s AND pg_catalog.pg_class.relkind = ANY (ARRAY[%(param_1)s, %(param_2)s, %(param_3)s, %(param_4)s, %(param_5)s]) AND pg_catalog.pg_table_is_visible(pg_catalog.pg_class.oid) AND pg_catalog.pg_namespace.nspname != %(nspname_1)s
2024-03-22 10:18:11,640  sqlalchemy.engine.Engine - INFO - [cached since 1.031s ago] {'table_name': 'workspace', 'param_1': 'r', 'param_2': 'p', 'param_3': 'f', 'param_4': 'v', 'param_5': 'm', 'nspname_1': 'pg_catalog'}
2024-03-22 10:18:11,986  sqlalchemy.engine.Engine - INFO - SELECT pg_catalog.pg_class.relname 
FROM pg_catalog.pg_class JOIN pg_catalog.pg_namespace ON pg_catalog.pg_namespace.oid = pg_catalog.pg_class.relnamespace 
WHERE pg_catalog.pg_class.relname = %(table_name)s AND pg_catalog.pg_class.relkind = ANY (ARRAY[%(param_1)s, %(param_2)s, %(param_3)s, %(param_4)s, %(param_5)s]) AND pg_catalog.pg_table_is_visible(pg_catalog.pg_class.oid) AND pg_catalog.pg_namespace.nspname != %(nspname_1)s
2024-03-22 10:18:11,989  sqlalchemy.engine.Engine - INFO - [cached since 1.38s ago] {'table_name': 'workspace_members', 'param_1': 'r', 'param_2': 'p', 'param_3': 'f', 'param_4': 'v', 'param_5': 'm', 'nspname_1': 'pg_catalog'}
2024-03-22 10:18:12,331  sqlalchemy.engine.Engine - INFO - SELECT pg_catalog.pg_class.relname 
FROM pg_catalog.pg_class JOIN pg_catalog.pg_namespace ON pg_catalog.pg_namespace.oid = pg_catalog.pg_class.relnamespace 
WHERE pg_catalog.pg_class.relname = %(table_name)s AND pg_catalog.pg_class.relkind = ANY (ARRAY[%(param_1)s, %(param_2)s, %(param_3)s, %(param_4)s, %(param_5)s]) AND pg_catalog.pg_table_is_visible(pg_catalog.pg_class.oid) AND pg_catalog.pg_namespace.nspname != %(nspname_1)s
2024-03-22 10:18:12,333  sqlalchemy.engine.Engine - INFO - [cached since 1.724s ago] {'table_name': 'task_files', 'param_1': 'r', 'param_2': 'p', 'param_3': 'f', 'param_4': 'v', 'param_5': 'm', 'nspname_1': 'pg_catalog'}
2024-03-22 10:18:12,676  sqlalchemy.engine.Engine - INFO - SELECT pg_catalog.pg_class.relname 
FROM pg_catalog.pg_class JOIN pg_catalog.pg_namespace ON pg_catalog.pg_namespace.oid = pg_catalog.pg_class.relnamespace 
WHERE pg_catalog.pg_class.relname = %(table_name)s AND pg_catalog.pg_class.relkind = ANY (ARRAY[%(param_1)s, %(param_2)s, %(param_3)s, %(param_4)s, %(param_5)s]) AND pg_catalog.pg_table_is_visible(pg_catalog.pg_class.oid) AND pg_catalog.pg_namespace.nspname != %(nspname_1)s
2024-03-22 10:18:12,678  sqlalchemy.engine.Engine - INFO - [cached since 2.069s ago] {'table_name': 'users', 'param_1': 'r', 'param_2': 'p', 'param_3': 'f', 'param_4': 'v', 'param_5': 'm', 'nspname_1': 'pg_catalog'}
2024-03-22 10:18:13,022  sqlalchemy.engine.Engine - INFO - COMMIT
2024-03-22 10:18:13,427  sqlalchemy.engine.Engine - INFO - BEGIN (implicit)
2024-03-22 10:18:13,434  sqlalchemy.engine.Engine - INFO - SELECT users.id AS users_id, users.email AS users_email, users.phone_number AS users_phone_number, users.hash AS users_hash, users.salt AS users_salt, users.full_name AS users_full_name, users.profile_picture AS users_profile_picture, users.role AS users_role 
FROM users 
WHERE users.role = %(role_1)s 
 LIMIT %(param_1)s
2024-03-22 10:18:13,436  sqlalchemy.engine.Engine - INFO - [generated in 0.00248s] {'role_1': 'admin', 'param_1': 1}
2024-03-22 10:18:14,832  sqlalchemy.engine.Engine - INFO - INSERT INTO users (email, phone_number, hash, salt, full_name, profile_picture, role) VALUES (%(email)s, %(phone_number)s, %(hash)s, %(salt)s, %(full_name)s, %(profile_picture)s, %(role)s) RETURNING users.id
2024-03-22 10:18:14,834  sqlalchemy.engine.Engine - INFO - [generated in 0.00161s] {'email': 'john@workspace.com', 'phone_number': '123456789012', 'hash': '$2b$12$Jg.8WktUfLwyTAE.v8vctebI47h.u5.rpf.kqw6ez1qLLWJDTleOW', 'salt': '$2b$12$Jg.8WktUfLwyTAE.v8vcte', 'full_name': 'John Doe', 'profile_picture': None, 'role': 'user'}
2024-03-22 10:18:15,180  sqlalchemy.engine.Engine - INFO - ROLLBACK
2024-03-22 10:18:15,549  werkzeug - WARNING -  * Debugger is active!
2024-03-22 10:18:15,633  werkzeug - INFO -  * Debugger PIN: 799-224-581
2024-03-22 10:18:31,567  werkzeug - INFO -  * Detected change in 'D:\\Github_Repositories\\SECDEV_Project\\app.py', reloading
2024-03-22 10:18:32,077  werkzeug - INFO -  * Restarting with stat
2024-03-22 10:37:52,589  sqlalchemy.engine.Engine - INFO - select pg_catalog.version()
2024-03-22 10:37:52,625  sqlalchemy.engine.Engine - INFO - [raw sql] {}
2024-03-22 10:37:53,446  sqlalchemy.engine.Engine - INFO - select current_schema()
2024-03-22 10:37:53,447  sqlalchemy.engine.Engine - INFO - [raw sql] {}
2024-03-22 10:37:54,267  sqlalchemy.engine.Engine - INFO - show standard_conforming_strings
2024-03-22 10:37:54,268  sqlalchemy.engine.Engine - INFO - [raw sql] {}
2024-03-22 10:37:55,086  sqlalchemy.engine.Engine - INFO - BEGIN (implicit)
2024-03-22 10:37:55,094  sqlalchemy.engine.Engine - INFO - SELECT pg_catalog.pg_class.relname 
FROM pg_catalog.pg_class JOIN pg_catalog.pg_namespace ON pg_catalog.pg_namespace.oid = pg_catalog.pg_class.relnamespace 
WHERE pg_catalog.pg_class.relname = %(table_name)s AND pg_catalog.pg_class.relkind = ANY (ARRAY[%(param_1)s, %(param_2)s, %(param_3)s, %(param_4)s, %(param_5)s]) AND pg_catalog.pg_table_is_visible(pg_catalog.pg_class.oid) AND pg_catalog.pg_namespace.nspname != %(nspname_1)s
2024-03-22 10:37:55,097  sqlalchemy.engine.Engine - INFO - [generated in 0.00158s] {'table_name': 'task_updates', 'param_1': 'r', 'param_2': 'p', 'param_3': 'f', 'param_4': 'v', 'param_5': 'm', 'nspname_1': 'pg_catalog'}
2024-03-22 10:37:55,917  sqlalchemy.engine.Engine - INFO - SELECT pg_catalog.pg_class.relname 
FROM pg_catalog.pg_class JOIN pg_catalog.pg_namespace ON pg_catalog.pg_namespace.oid = pg_catalog.pg_class.relnamespace 
WHERE pg_catalog.pg_class.relname = %(table_name)s AND pg_catalog.pg_class.relkind = ANY (ARRAY[%(param_1)s, %(param_2)s, %(param_3)s, %(param_4)s, %(param_5)s]) AND pg_catalog.pg_table_is_visible(pg_catalog.pg_class.oid) AND pg_catalog.pg_namespace.nspname != %(nspname_1)s
2024-03-22 10:37:55,919  sqlalchemy.engine.Engine - INFO - [cached since 0.8246s ago] {'table_name': 'tasks', 'param_1': 'r', 'param_2': 'p', 'param_3': 'f', 'param_4': 'v', 'param_5': 'm', 'nspname_1': 'pg_catalog'}
2024-03-22 10:37:56,331  sqlalchemy.engine.Engine - INFO - SELECT pg_catalog.pg_class.relname 
FROM pg_catalog.pg_class JOIN pg_catalog.pg_namespace ON pg_catalog.pg_namespace.oid = pg_catalog.pg_class.relnamespace 
WHERE pg_catalog.pg_class.relname = %(table_name)s AND pg_catalog.pg_class.relkind = ANY (ARRAY[%(param_1)s, %(param_2)s, %(param_3)s, %(param_4)s, %(param_5)s]) AND pg_catalog.pg_table_is_visible(pg_catalog.pg_class.oid) AND pg_catalog.pg_namespace.nspname != %(nspname_1)s
2024-03-22 10:37:56,334  sqlalchemy.engine.Engine - INFO - [cached since 1.24s ago] {'table_name': 'workspace', 'param_1': 'r', 'param_2': 'p', 'param_3': 'f', 'param_4': 'v', 'param_5': 'm', 'nspname_1': 'pg_catalog'}
2024-03-22 10:37:56,747  sqlalchemy.engine.Engine - INFO - SELECT pg_catalog.pg_class.relname 
FROM pg_catalog.pg_class JOIN pg_catalog.pg_namespace ON pg_catalog.pg_namespace.oid = pg_catalog.pg_class.relnamespace 
WHERE pg_catalog.pg_class.relname = %(table_name)s AND pg_catalog.pg_class.relkind = ANY (ARRAY[%(param_1)s, %(param_2)s, %(param_3)s, %(param_4)s, %(param_5)s]) AND pg_catalog.pg_table_is_visible(pg_catalog.pg_class.oid) AND pg_catalog.pg_namespace.nspname != %(nspname_1)s
2024-03-22 10:37:56,749  sqlalchemy.engine.Engine - INFO - [cached since 1.655s ago] {'table_name': 'workspace_members', 'param_1': 'r', 'param_2': 'p', 'param_3': 'f', 'param_4': 'v', 'param_5': 'm', 'nspname_1': 'pg_catalog'}
2024-03-22 10:37:57,160  sqlalchemy.engine.Engine - INFO - SELECT pg_catalog.pg_class.relname 
FROM pg_catalog.pg_class JOIN pg_catalog.pg_namespace ON pg_catalog.pg_namespace.oid = pg_catalog.pg_class.relnamespace 
WHERE pg_catalog.pg_class.relname = %(table_name)s AND pg_catalog.pg_class.relkind = ANY (ARRAY[%(param_1)s, %(param_2)s, %(param_3)s, %(param_4)s, %(param_5)s]) AND pg_catalog.pg_table_is_visible(pg_catalog.pg_class.oid) AND pg_catalog.pg_namespace.nspname != %(nspname_1)s
2024-03-22 10:37:57,162  sqlalchemy.engine.Engine - INFO - [cached since 2.068s ago] {'table_name': 'task_files', 'param_1': 'r', 'param_2': 'p', 'param_3': 'f', 'param_4': 'v', 'param_5': 'm', 'nspname_1': 'pg_catalog'}
2024-03-22 10:37:57,573  sqlalchemy.engine.Engine - INFO - SELECT pg_catalog.pg_class.relname 
FROM pg_catalog.pg_class JOIN pg_catalog.pg_namespace ON pg_catalog.pg_namespace.oid = pg_catalog.pg_class.relnamespace 
WHERE pg_catalog.pg_class.relname = %(table_name)s AND pg_catalog.pg_class.relkind = ANY (ARRAY[%(param_1)s, %(param_2)s, %(param_3)s, %(param_4)s, %(param_5)s]) AND pg_catalog.pg_table_is_visible(pg_catalog.pg_class.oid) AND pg_catalog.pg_namespace.nspname != %(nspname_1)s
2024-03-22 10:37:57,604  sqlalchemy.engine.Engine - INFO - [cached since 2.51s ago] {'table_name': 'users', 'param_1': 'r', 'param_2': 'p', 'param_3': 'f', 'param_4': 'v', 'param_5': 'm', 'nspname_1': 'pg_catalog'}
2024-03-22 10:37:58,019  sqlalchemy.engine.Engine - INFO - COMMIT
2024-03-22 10:37:58,514  sqlalchemy.engine.Engine - INFO - BEGIN (implicit)
2024-03-22 10:37:58,519  sqlalchemy.engine.Engine - INFO - SELECT users.id AS users_id, users.email AS users_email, users.phone_number AS users_phone_number, users.hash AS users_hash, users.salt AS users_salt, users.full_name AS users_full_name, users.profile_picture AS users_profile_picture, users.role AS users_role 
FROM users 
WHERE users.role = %(role_1)s 
 LIMIT %(param_1)s
2024-03-22 10:37:58,523  sqlalchemy.engine.Engine - INFO - [generated in 0.00338s] {'role_1': 'admin', 'param_1': 1}
2024-03-22 10:38:00,172  sqlalchemy.engine.Engine - INFO - INSERT INTO users (email, phone_number, hash, salt, full_name, profile_picture, role) VALUES (%(email)s, %(phone_number)s, %(hash)s, %(salt)s, %(full_name)s, %(profile_picture)s, %(role)s) RETURNING users.id
2024-03-22 10:38:00,174  sqlalchemy.engine.Engine - INFO - [generated in 0.00274s] {'email': 'john@workspace.com', 'phone_number': '123456789012', 'hash': '$2b$12$gF5CpNQGlrR13mexV4ucdu6eSnzJttvK6IWE8esMfAVY7XGAMBtuG', 'salt': '$2b$12$gF5CpNQGlrR13mexV4ucdu', 'full_name': 'John Doe', 'profile_picture': None, 'role': 'user'}
2024-03-22 10:38:00,597  sqlalchemy.engine.Engine - INFO - ROLLBACK
2024-03-22 10:38:01,166  werkzeug - INFO - [31m[1mWARNING: This is a development server. Do not use it in a production deployment. Use a production WSGI server instead.[0m
 * Running on http://127.0.0.1:5000
2024-03-22 10:38:01,166  werkzeug - INFO - [33mPress CTRL+C to quit[0m
2024-03-22 10:38:01,183  werkzeug - INFO -  * Restarting with stat
2024-03-22 10:38:08,096  sqlalchemy.engine.Engine - INFO - select pg_catalog.version()
2024-03-22 10:38:08,097  sqlalchemy.engine.Engine - INFO - [raw sql] {}
2024-03-22 10:38:08,799  sqlalchemy.engine.Engine - INFO - select current_schema()
2024-03-22 10:38:08,801  sqlalchemy.engine.Engine - INFO - [raw sql] {}
2024-03-22 10:38:09,504  sqlalchemy.engine.Engine - INFO - show standard_conforming_strings
2024-03-22 10:38:09,505  sqlalchemy.engine.Engine - INFO - [raw sql] {}
2024-03-22 10:38:10,205  sqlalchemy.engine.Engine - INFO - BEGIN (implicit)
2024-03-22 10:38:10,214  sqlalchemy.engine.Engine - INFO - SELECT pg_catalog.pg_class.relname 
FROM pg_catalog.pg_class JOIN pg_catalog.pg_namespace ON pg_catalog.pg_namespace.oid = pg_catalog.pg_class.relnamespace 
WHERE pg_catalog.pg_class.relname = %(table_name)s AND pg_catalog.pg_class.relkind = ANY (ARRAY[%(param_1)s, %(param_2)s, %(param_3)s, %(param_4)s, %(param_5)s]) AND pg_catalog.pg_table_is_visible(pg_catalog.pg_class.oid) AND pg_catalog.pg_namespace.nspname != %(nspname_1)s
2024-03-22 10:38:10,217  sqlalchemy.engine.Engine - INFO - [generated in 0.00326s] {'table_name': 'task_updates', 'param_1': 'r', 'param_2': 'p', 'param_3': 'f', 'param_4': 'v', 'param_5': 'm', 'nspname_1': 'pg_catalog'}
2024-03-22 10:38:10,918  sqlalchemy.engine.Engine - INFO - SELECT pg_catalog.pg_class.relname 
FROM pg_catalog.pg_class JOIN pg_catalog.pg_namespace ON pg_catalog.pg_namespace.oid = pg_catalog.pg_class.relnamespace 
WHERE pg_catalog.pg_class.relname = %(table_name)s AND pg_catalog.pg_class.relkind = ANY (ARRAY[%(param_1)s, %(param_2)s, %(param_3)s, %(param_4)s, %(param_5)s]) AND pg_catalog.pg_table_is_visible(pg_catalog.pg_class.oid) AND pg_catalog.pg_namespace.nspname != %(nspname_1)s
2024-03-22 10:38:10,920  sqlalchemy.engine.Engine - INFO - [cached since 0.7056s ago] {'table_name': 'tasks', 'param_1': 'r', 'param_2': 'p', 'param_3': 'f', 'param_4': 'v', 'param_5': 'm', 'nspname_1': 'pg_catalog'}
2024-03-22 10:38:11,273  sqlalchemy.engine.Engine - INFO - SELECT pg_catalog.pg_class.relname 
FROM pg_catalog.pg_class JOIN pg_catalog.pg_namespace ON pg_catalog.pg_namespace.oid = pg_catalog.pg_class.relnamespace 
WHERE pg_catalog.pg_class.relname = %(table_name)s AND pg_catalog.pg_class.relkind = ANY (ARRAY[%(param_1)s, %(param_2)s, %(param_3)s, %(param_4)s, %(param_5)s]) AND pg_catalog.pg_table_is_visible(pg_catalog.pg_class.oid) AND pg_catalog.pg_namespace.nspname != %(nspname_1)s
2024-03-22 10:38:11,276  sqlalchemy.engine.Engine - INFO - [cached since 1.061s ago] {'table_name': 'workspace', 'param_1': 'r', 'param_2': 'p', 'param_3': 'f', 'param_4': 'v', 'param_5': 'm', 'nspname_1': 'pg_catalog'}
2024-03-22 10:38:11,627  sqlalchemy.engine.Engine - INFO - SELECT pg_catalog.pg_class.relname 
FROM pg_catalog.pg_class JOIN pg_catalog.pg_namespace ON pg_catalog.pg_namespace.oid = pg_catalog.pg_class.relnamespace 
WHERE pg_catalog.pg_class.relname = %(table_name)s AND pg_catalog.pg_class.relkind = ANY (ARRAY[%(param_1)s, %(param_2)s, %(param_3)s, %(param_4)s, %(param_5)s]) AND pg_catalog.pg_table_is_visible(pg_catalog.pg_class.oid) AND pg_catalog.pg_namespace.nspname != %(nspname_1)s
2024-03-22 10:38:11,629  sqlalchemy.engine.Engine - INFO - [cached since 1.414s ago] {'table_name': 'workspace_members', 'param_1': 'r', 'param_2': 'p', 'param_3': 'f', 'param_4': 'v', 'param_5': 'm', 'nspname_1': 'pg_catalog'}
2024-03-22 10:38:11,981  sqlalchemy.engine.Engine - INFO - SELECT pg_catalog.pg_class.relname 
FROM pg_catalog.pg_class JOIN pg_catalog.pg_namespace ON pg_catalog.pg_namespace.oid = pg_catalog.pg_class.relnamespace 
WHERE pg_catalog.pg_class.relname = %(table_name)s AND pg_catalog.pg_class.relkind = ANY (ARRAY[%(param_1)s, %(param_2)s, %(param_3)s, %(param_4)s, %(param_5)s]) AND pg_catalog.pg_table_is_visible(pg_catalog.pg_class.oid) AND pg_catalog.pg_namespace.nspname != %(nspname_1)s
2024-03-22 10:38:11,982  sqlalchemy.engine.Engine - INFO - [cached since 1.768s ago] {'table_name': 'task_files', 'param_1': 'r', 'param_2': 'p', 'param_3': 'f', 'param_4': 'v', 'param_5': 'm', 'nspname_1': 'pg_catalog'}
2024-03-22 10:38:12,337  sqlalchemy.engine.Engine - INFO - SELECT pg_catalog.pg_class.relname 
FROM pg_catalog.pg_class JOIN pg_catalog.pg_namespace ON pg_catalog.pg_namespace.oid = pg_catalog.pg_class.relnamespace 
WHERE pg_catalog.pg_class.relname = %(table_name)s AND pg_catalog.pg_class.relkind = ANY (ARRAY[%(param_1)s, %(param_2)s, %(param_3)s, %(param_4)s, %(param_5)s]) AND pg_catalog.pg_table_is_visible(pg_catalog.pg_class.oid) AND pg_catalog.pg_namespace.nspname != %(nspname_1)s
2024-03-22 10:38:12,339  sqlalchemy.engine.Engine - INFO - [cached since 2.125s ago] {'table_name': 'users', 'param_1': 'r', 'param_2': 'p', 'param_3': 'f', 'param_4': 'v', 'param_5': 'm', 'nspname_1': 'pg_catalog'}
2024-03-22 10:38:12,691  sqlalchemy.engine.Engine - INFO - COMMIT
2024-03-22 10:38:13,137  sqlalchemy.engine.Engine - INFO - BEGIN (implicit)
2024-03-22 10:38:13,148  sqlalchemy.engine.Engine - INFO - SELECT users.id AS users_id, users.email AS users_email, users.phone_number AS users_phone_number, users.hash AS users_hash, users.salt AS users_salt, users.full_name AS users_full_name, users.profile_picture AS users_profile_picture, users.role AS users_role 
FROM users 
WHERE users.role = %(role_1)s 
 LIMIT %(param_1)s
2024-03-22 10:38:13,151  sqlalchemy.engine.Engine - INFO - [generated in 0.00397s] {'role_1': 'admin', 'param_1': 1}
2024-03-22 10:38:14,623  sqlalchemy.engine.Engine - INFO - INSERT INTO users (email, phone_number, hash, salt, full_name, profile_picture, role) VALUES (%(email)s, %(phone_number)s, %(hash)s, %(salt)s, %(full_name)s, %(profile_picture)s, %(role)s) RETURNING users.id
2024-03-22 10:38:14,627  sqlalchemy.engine.Engine - INFO - [generated in 0.00432s] {'email': 'john@workspace.com', 'phone_number': '123456789012', 'hash': '$2b$12$.21USmQ.xXmuwvRJ8OazNOxWyNdlkkDMIsWX6O1dMvuEDvAyFGbQi', 'salt': '$2b$12$.21USmQ.xXmuwvRJ8OazNO', 'full_name': 'John Doe', 'profile_picture': None, 'role': 'user'}
2024-03-22 10:38:14,980  sqlalchemy.engine.Engine - INFO - ROLLBACK
2024-03-22 10:38:15,377  werkzeug - WARNING -  * Debugger is active!
2024-03-22 10:38:15,404  werkzeug - INFO -  * Debugger PIN: 799-224-581
2024-03-22 10:38:56,379  werkzeug - INFO - 127.0.0.1 - - [22/Mar/2024 10:38:56] "GET / HTTP/1.1" 200 -
2024-03-22 10:38:56,579  werkzeug - INFO - 127.0.0.1 - - [22/Mar/2024 10:38:56] "[32mGET /static//css/output.css HTTP/1.1[0m" 308 -
2024-03-22 10:38:56,812  werkzeug - INFO - 127.0.0.1 - - [22/Mar/2024 10:38:56] "GET /static/images/teamwork.jpg HTTP/1.1" 200 -
2024-03-22 10:38:56,979  werkzeug - INFO - 127.0.0.1 - - [22/Mar/2024 10:38:56] "GET /static/css/output.css HTTP/1.1" 200 -
2024-03-22 10:38:57,402  werkzeug - INFO - 127.0.0.1 - - [22/Mar/2024 10:38:57] "[33mGET /favicon.ico HTTP/1.1[0m" 404 -
2024-03-22 12:59:30,148  sqlalchemy.engine.Engine - INFO - select pg_catalog.version()
2024-03-22 12:59:30,162  sqlalchemy.engine.Engine - INFO - [raw sql] {}
2024-03-22 12:59:30,888  sqlalchemy.engine.Engine - INFO - select current_schema()
2024-03-22 12:59:30,890  sqlalchemy.engine.Engine - INFO - [raw sql] {}
2024-03-22 12:59:31,571  sqlalchemy.engine.Engine - INFO - show standard_conforming_strings
2024-03-22 12:59:31,572  sqlalchemy.engine.Engine - INFO - [raw sql] {}
2024-03-22 12:59:32,256  sqlalchemy.engine.Engine - INFO - BEGIN (implicit)
2024-03-22 12:59:32,337  sqlalchemy.engine.Engine - INFO - SELECT pg_catalog.pg_class.relname 
FROM pg_catalog.pg_class JOIN pg_catalog.pg_namespace ON pg_catalog.pg_namespace.oid = pg_catalog.pg_class.relnamespace 
WHERE pg_catalog.pg_class.relname = %(table_name)s AND pg_catalog.pg_class.relkind = ANY (ARRAY[%(param_1)s, %(param_2)s, %(param_3)s, %(param_4)s, %(param_5)s]) AND pg_catalog.pg_table_is_visible(pg_catalog.pg_class.oid) AND pg_catalog.pg_namespace.nspname != %(nspname_1)s
2024-03-22 12:59:32,346  sqlalchemy.engine.Engine - INFO - [generated in 0.00792s] {'table_name': 'task_updates', 'param_1': 'r', 'param_2': 'p', 'param_3': 'f', 'param_4': 'v', 'param_5': 'm', 'nspname_1': 'pg_catalog'}
2024-03-22 12:59:33,048  sqlalchemy.engine.Engine - INFO - SELECT pg_catalog.pg_class.relname 
FROM pg_catalog.pg_class JOIN pg_catalog.pg_namespace ON pg_catalog.pg_namespace.oid = pg_catalog.pg_class.relnamespace 
WHERE pg_catalog.pg_class.relname = %(table_name)s AND pg_catalog.pg_class.relkind = ANY (ARRAY[%(param_1)s, %(param_2)s, %(param_3)s, %(param_4)s, %(param_5)s]) AND pg_catalog.pg_table_is_visible(pg_catalog.pg_class.oid) AND pg_catalog.pg_namespace.nspname != %(nspname_1)s
2024-03-22 12:59:33,051  sqlalchemy.engine.Engine - INFO - [cached since 0.7142s ago] {'table_name': 'tasks', 'param_1': 'r', 'param_2': 'p', 'param_3': 'f', 'param_4': 'v', 'param_5': 'm', 'nspname_1': 'pg_catalog'}
2024-03-22 12:59:33,392  sqlalchemy.engine.Engine - INFO - SELECT pg_catalog.pg_class.relname 
FROM pg_catalog.pg_class JOIN pg_catalog.pg_namespace ON pg_catalog.pg_namespace.oid = pg_catalog.pg_class.relnamespace 
WHERE pg_catalog.pg_class.relname = %(table_name)s AND pg_catalog.pg_class.relkind = ANY (ARRAY[%(param_1)s, %(param_2)s, %(param_3)s, %(param_4)s, %(param_5)s]) AND pg_catalog.pg_table_is_visible(pg_catalog.pg_class.oid) AND pg_catalog.pg_namespace.nspname != %(nspname_1)s
2024-03-22 12:59:33,395  sqlalchemy.engine.Engine - INFO - [cached since 1.06s ago] {'table_name': 'workspace', 'param_1': 'r', 'param_2': 'p', 'param_3': 'f', 'param_4': 'v', 'param_5': 'm', 'nspname_1': 'pg_catalog'}
2024-03-22 12:59:33,737  sqlalchemy.engine.Engine - INFO - SELECT pg_catalog.pg_class.relname 
FROM pg_catalog.pg_class JOIN pg_catalog.pg_namespace ON pg_catalog.pg_namespace.oid = pg_catalog.pg_class.relnamespace 
WHERE pg_catalog.pg_class.relname = %(table_name)s AND pg_catalog.pg_class.relkind = ANY (ARRAY[%(param_1)s, %(param_2)s, %(param_3)s, %(param_4)s, %(param_5)s]) AND pg_catalog.pg_table_is_visible(pg_catalog.pg_class.oid) AND pg_catalog.pg_namespace.nspname != %(nspname_1)s
2024-03-22 12:59:33,739  sqlalchemy.engine.Engine - INFO - [cached since 1.402s ago] {'table_name': 'workspace_members', 'param_1': 'r', 'param_2': 'p', 'param_3': 'f', 'param_4': 'v', 'param_5': 'm', 'nspname_1': 'pg_catalog'}
2024-03-22 12:59:34,078  sqlalchemy.engine.Engine - INFO - SELECT pg_catalog.pg_class.relname 
FROM pg_catalog.pg_class JOIN pg_catalog.pg_namespace ON pg_catalog.pg_namespace.oid = pg_catalog.pg_class.relnamespace 
WHERE pg_catalog.pg_class.relname = %(table_name)s AND pg_catalog.pg_class.relkind = ANY (ARRAY[%(param_1)s, %(param_2)s, %(param_3)s, %(param_4)s, %(param_5)s]) AND pg_catalog.pg_table_is_visible(pg_catalog.pg_class.oid) AND pg_catalog.pg_namespace.nspname != %(nspname_1)s
2024-03-22 12:59:34,081  sqlalchemy.engine.Engine - INFO - [cached since 1.745s ago] {'table_name': 'task_files', 'param_1': 'r', 'param_2': 'p', 'param_3': 'f', 'param_4': 'v', 'param_5': 'm', 'nspname_1': 'pg_catalog'}
2024-03-22 12:59:34,428  sqlalchemy.engine.Engine - INFO - SELECT pg_catalog.pg_class.relname 
FROM pg_catalog.pg_class JOIN pg_catalog.pg_namespace ON pg_catalog.pg_namespace.oid = pg_catalog.pg_class.relnamespace 
WHERE pg_catalog.pg_class.relname = %(table_name)s AND pg_catalog.pg_class.relkind = ANY (ARRAY[%(param_1)s, %(param_2)s, %(param_3)s, %(param_4)s, %(param_5)s]) AND pg_catalog.pg_table_is_visible(pg_catalog.pg_class.oid) AND pg_catalog.pg_namespace.nspname != %(nspname_1)s
2024-03-22 12:59:34,431  sqlalchemy.engine.Engine - INFO - [cached since 2.095s ago] {'table_name': 'users', 'param_1': 'r', 'param_2': 'p', 'param_3': 'f', 'param_4': 'v', 'param_5': 'm', 'nspname_1': 'pg_catalog'}
2024-03-22 12:59:34,774  sqlalchemy.engine.Engine - INFO - COMMIT
2024-03-22 12:59:35,236  sqlalchemy.engine.Engine - INFO - BEGIN (implicit)
2024-03-22 12:59:35,246  sqlalchemy.engine.Engine - INFO - SELECT users.id AS users_id, users.email AS users_email, users.phone_number AS users_phone_number, users.hash AS users_hash, users.salt AS users_salt, users.full_name AS users_full_name, users.profile_picture AS users_profile_picture, users.role AS users_role 
FROM users 
WHERE users.role = %(role_1)s 
 LIMIT %(param_1)s
2024-03-22 12:59:35,252  sqlalchemy.engine.Engine - INFO - [generated in 0.00627s] {'role_1': 'admin', 'param_1': 1}
2024-03-22 12:59:36,787  sqlalchemy.engine.Engine - INFO - INSERT INTO users (email, phone_number, hash, salt, full_name, profile_picture, role) VALUES (%(email)s, %(phone_number)s, %(hash)s, %(salt)s, %(full_name)s, %(profile_picture)s, %(role)s) RETURNING users.id
2024-03-22 12:59:36,789  sqlalchemy.engine.Engine - INFO - [generated in 0.00251s] {'email': 'john@workspace.com', 'phone_number': '123456789012', 'hash': '$2b$12$EGCQ3fJPzVA.WLsUY1rL9OBm.ukvxSCkn/hWeGvAXgM3xU6XSLe.e', 'salt': '$2b$12$EGCQ3fJPzVA.WLsUY1rL9O', 'full_name': 'John Doe', 'profile_picture': None, 'role': 'user'}
2024-03-22 12:59:37,135  sqlalchemy.engine.Engine - INFO - ROLLBACK
2024-03-22 12:59:37,612  werkzeug - INFO - [31m[1mWARNING: This is a development server. Do not use it in a production deployment. Use a production WSGI server instead.[0m
 * Running on http://127.0.0.1:5000
2024-03-22 12:59:37,613  werkzeug - INFO - [33mPress CTRL+C to quit[0m
2024-03-22 13:30:53,560  sqlalchemy.engine.Engine - INFO - select pg_catalog.version()
2024-03-22 13:30:53,579  sqlalchemy.engine.Engine - INFO - [raw sql] {}
2024-03-22 13:30:54,299  sqlalchemy.engine.Engine - INFO - select current_schema()
2024-03-22 13:30:54,299  sqlalchemy.engine.Engine - INFO - [raw sql] {}
2024-03-22 13:30:54,980  sqlalchemy.engine.Engine - INFO - show standard_conforming_strings
2024-03-22 13:30:54,980  sqlalchemy.engine.Engine - INFO - [raw sql] {}
2024-03-22 13:30:55,666  sqlalchemy.engine.Engine - INFO - BEGIN (implicit)
2024-03-22 13:30:55,752  sqlalchemy.engine.Engine - INFO - SELECT pg_catalog.pg_class.relname 
FROM pg_catalog.pg_class JOIN pg_catalog.pg_namespace ON pg_catalog.pg_namespace.oid = pg_catalog.pg_class.relnamespace 
WHERE pg_catalog.pg_class.relname = %(table_name)s AND pg_catalog.pg_class.relkind = ANY (ARRAY[%(param_1)s, %(param_2)s, %(param_3)s, %(param_4)s, %(param_5)s]) AND pg_catalog.pg_table_is_visible(pg_catalog.pg_class.oid) AND pg_catalog.pg_namespace.nspname != %(nspname_1)s
2024-03-22 13:30:55,807  sqlalchemy.engine.Engine - INFO - [generated in 0.04093s] {'table_name': 'task_updates', 'param_1': 'r', 'param_2': 'p', 'param_3': 'f', 'param_4': 'v', 'param_5': 'm', 'nspname_1': 'pg_catalog'}
2024-03-22 13:30:56,495  sqlalchemy.engine.Engine - INFO - SELECT pg_catalog.pg_class.relname 
FROM pg_catalog.pg_class JOIN pg_catalog.pg_namespace ON pg_catalog.pg_namespace.oid = pg_catalog.pg_class.relnamespace 
WHERE pg_catalog.pg_class.relname = %(table_name)s AND pg_catalog.pg_class.relkind = ANY (ARRAY[%(param_1)s, %(param_2)s, %(param_3)s, %(param_4)s, %(param_5)s]) AND pg_catalog.pg_table_is_visible(pg_catalog.pg_class.oid) AND pg_catalog.pg_namespace.nspname != %(nspname_1)s
2024-03-22 13:30:56,497  sqlalchemy.engine.Engine - INFO - [cached since 0.7452s ago] {'table_name': 'tasks', 'param_1': 'r', 'param_2': 'p', 'param_3': 'f', 'param_4': 'v', 'param_5': 'm', 'nspname_1': 'pg_catalog'}
2024-03-22 13:30:56,839  sqlalchemy.engine.Engine - INFO - SELECT pg_catalog.pg_class.relname 
FROM pg_catalog.pg_class JOIN pg_catalog.pg_namespace ON pg_catalog.pg_namespace.oid = pg_catalog.pg_class.relnamespace 
WHERE pg_catalog.pg_class.relname = %(table_name)s AND pg_catalog.pg_class.relkind = ANY (ARRAY[%(param_1)s, %(param_2)s, %(param_3)s, %(param_4)s, %(param_5)s]) AND pg_catalog.pg_table_is_visible(pg_catalog.pg_class.oid) AND pg_catalog.pg_namespace.nspname != %(nspname_1)s
2024-03-22 13:30:56,841  sqlalchemy.engine.Engine - INFO - [cached since 1.09s ago] {'table_name': 'workspace', 'param_1': 'r', 'param_2': 'p', 'param_3': 'f', 'param_4': 'v', 'param_5': 'm', 'nspname_1': 'pg_catalog'}
2024-03-22 13:30:57,183  sqlalchemy.engine.Engine - INFO - SELECT pg_catalog.pg_class.relname 
FROM pg_catalog.pg_class JOIN pg_catalog.pg_namespace ON pg_catalog.pg_namespace.oid = pg_catalog.pg_class.relnamespace 
WHERE pg_catalog.pg_class.relname = %(table_name)s AND pg_catalog.pg_class.relkind = ANY (ARRAY[%(param_1)s, %(param_2)s, %(param_3)s, %(param_4)s, %(param_5)s]) AND pg_catalog.pg_table_is_visible(pg_catalog.pg_class.oid) AND pg_catalog.pg_namespace.nspname != %(nspname_1)s
2024-03-22 13:30:57,185  sqlalchemy.engine.Engine - INFO - [cached since 1.433s ago] {'table_name': 'workspace_members', 'param_1': 'r', 'param_2': 'p', 'param_3': 'f', 'param_4': 'v', 'param_5': 'm', 'nspname_1': 'pg_catalog'}
2024-03-22 13:30:57,533  sqlalchemy.engine.Engine - INFO - SELECT pg_catalog.pg_class.relname 
FROM pg_catalog.pg_class JOIN pg_catalog.pg_namespace ON pg_catalog.pg_namespace.oid = pg_catalog.pg_class.relnamespace 
WHERE pg_catalog.pg_class.relname = %(table_name)s AND pg_catalog.pg_class.relkind = ANY (ARRAY[%(param_1)s, %(param_2)s, %(param_3)s, %(param_4)s, %(param_5)s]) AND pg_catalog.pg_table_is_visible(pg_catalog.pg_class.oid) AND pg_catalog.pg_namespace.nspname != %(nspname_1)s
2024-03-22 13:30:57,567  sqlalchemy.engine.Engine - INFO - [cached since 1.814s ago] {'table_name': 'task_files', 'param_1': 'r', 'param_2': 'p', 'param_3': 'f', 'param_4': 'v', 'param_5': 'm', 'nspname_1': 'pg_catalog'}
2024-03-22 13:30:57,907  sqlalchemy.engine.Engine - INFO - SELECT pg_catalog.pg_class.relname 
FROM pg_catalog.pg_class JOIN pg_catalog.pg_namespace ON pg_catalog.pg_namespace.oid = pg_catalog.pg_class.relnamespace 
WHERE pg_catalog.pg_class.relname = %(table_name)s AND pg_catalog.pg_class.relkind = ANY (ARRAY[%(param_1)s, %(param_2)s, %(param_3)s, %(param_4)s, %(param_5)s]) AND pg_catalog.pg_table_is_visible(pg_catalog.pg_class.oid) AND pg_catalog.pg_namespace.nspname != %(nspname_1)s
2024-03-22 13:30:57,909  sqlalchemy.engine.Engine - INFO - [cached since 2.157s ago] {'table_name': 'users', 'param_1': 'r', 'param_2': 'p', 'param_3': 'f', 'param_4': 'v', 'param_5': 'm', 'nspname_1': 'pg_catalog'}
2024-03-22 13:30:58,252  sqlalchemy.engine.Engine - INFO - COMMIT
2024-03-22 13:30:58,642  sqlalchemy.engine.Engine - INFO - BEGIN (implicit)
2024-03-22 13:30:58,650  sqlalchemy.engine.Engine - INFO - SELECT users.id AS users_id, users.email AS users_email, users.phone_number AS users_phone_number, users.hash AS users_hash, users.salt AS users_salt, users.full_name AS users_full_name, users.profile_picture AS users_profile_picture, users.role AS users_role 
FROM users 
WHERE users.role = %(role_1)s 
 LIMIT %(param_1)s
2024-03-22 13:30:58,652  sqlalchemy.engine.Engine - INFO - [generated in 0.00260s] {'role_1': 'admin', 'param_1': 1}
2024-03-22 13:30:59,996  sqlalchemy.engine.Engine - INFO - INSERT INTO users (email, phone_number, hash, salt, full_name, profile_picture, role) VALUES (%(email)s, %(phone_number)s, %(hash)s, %(salt)s, %(full_name)s, %(profile_picture)s, %(role)s) RETURNING users.id
2024-03-22 13:30:59,998  sqlalchemy.engine.Engine - INFO - [generated in 0.00130s] {'email': 'john@workspace.com', 'phone_number': '123456789012', 'hash': '$2b$12$GyTsCUpcaMU/sHEj7hRak.GpVOW4fTsoY0O25hkX/jabucg2ujlN.', 'salt': '$2b$12$GyTsCUpcaMU/sHEj7hRak.', 'full_name': 'John Doe', 'profile_picture': None, 'role': 'user'}
2024-03-22 13:31:00,345  sqlalchemy.engine.Engine - INFO - ROLLBACK
